app/build/intermediates/manifest_merge_blame_file/release/processReleaseMainManifest/manifest-merger-blame-release-report.txt
1<?xml version="1.0" encoding="utf-8"?>
2<manifest xmlns:android="http://schemas.android.com/apk/res/android"
3    package="com.mimavaultapp"
4    android:versionCode="1"
5    android:versionName="A8.31.1" >
6
7    <uses-sdk
8        android:minSdkVersion="26"
9        android:targetSdkVersion="36" />
10
11    <uses-permission android:name="android.permission.USE_BIOMETRIC" />
11-->src\main\AndroidManifest.xml:4:5-72
11-->src\main\AndroidManifest.xml:4:22-69
12    <uses-permission android:name="android.permission.CAMERA" />
12-->src\main\AndroidManifest.xml:5:5-65
12-->src\main\AndroidManifest.xml:5:22-62
13    <uses-permission android:name="android.permission.READ_MEDIA_IMAGES" />
13-->src\main\AndroidManifest.xml:6:5-76
13-->src\main\AndroidManifest.xml:6:22-73
14
15    <!-- suppress DeprecatedClassUsageInspection -->
16    <uses-permission android:name="android.permission.USE_FINGERPRINT" /> <!-- Don't require camera, as this requires a rear camera. This allows it to work on the Nexus 7 -->
16-->[androidx.biometric:biometric:1.1.0] AndroidManifest.xml:27:5-74
16-->[androidx.biometric:biometric:1.1.0] AndroidManifest.xml:27:22-71
17    <uses-feature
17-->[com.journeyapps:zxing-android-embedded:4.3.0] AndroidManifest.xml:25:5-27:36
18        android:name="android.hardware.camera"
18-->[com.journeyapps:zxing-android-embedded:4.3.0] AndroidManifest.xml:26:9-47
19        android:required="false" />
19-->[com.journeyapps:zxing-android-embedded:4.3.0] AndroidManifest.xml:27:9-33
20    <uses-feature
20-->[com.journeyapps:zxing-android-embedded:4.3.0] AndroidManifest.xml:28:5-30:36
21        android:name="android.hardware.camera.front"
21-->[com.journeyapps:zxing-android-embedded:4.3.0] AndroidManifest.xml:29:9-53
22        android:required="false" /> <!-- TODO replace above two with next line after Android 4.2 -->
22-->[com.journeyapps:zxing-android-embedded:4.3.0] AndroidManifest.xml:30:9-33
23    <!-- <uses-feature android:name="android.hardware.camera.any"/> -->
24    <uses-feature
24-->[com.journeyapps:zxing-android-embedded:4.3.0] AndroidManifest.xml:33:5-35:36
25        android:name="android.hardware.camera.autofocus"
25-->[com.journeyapps:zxing-android-embedded:4.3.0] AndroidManifest.xml:34:9-57
26        android:required="false" />
26-->[com.journeyapps:zxing-android-embedded:4.3.0] AndroidManifest.xml:35:9-33
27    <uses-feature
27-->[com.journeyapps:zxing-android-embedded:4.3.0] AndroidManifest.xml:36:5-38:36
28        android:name="android.hardware.camera.flash"
28-->[com.journeyapps:zxing-android-embedded:4.3.0] AndroidManifest.xml:37:9-53
29        android:required="false" />
29-->[com.journeyapps:zxing-android-embedded:4.3.0] AndroidManifest.xml:38:9-33
30    <uses-feature
30-->[com.journeyapps:zxing-android-embedded:4.3.0] AndroidManifest.xml:39:5-41:36
31        android:name="android.hardware.screen.landscape"
31-->[com.journeyapps:zxing-android-embedded:4.3.0] AndroidManifest.xml:40:9-57
32        android:required="false" />
32-->[com.journeyapps:zxing-android-embedded:4.3.0] AndroidManifest.xml:41:9-33
33    <uses-feature
33-->[com.journeyapps:zxing-android-embedded:4.3.0] AndroidManifest.xml:42:5-44:36
34        android:name="android.hardware.wifi"
34-->[com.journeyapps:zxing-android-embedded:4.3.0] AndroidManifest.xml:43:9-45
35        android:required="false" />
35-->[com.journeyapps:zxing-android-embedded:4.3.0] AndroidManifest.xml:44:9-33
36
37    <permission
37-->[androidx.core:core:1.13.0] AndroidManifest.xml:22:5-24:47
38        android:name="com.mimavaultapp.DYNAMIC_RECEIVER_NOT_EXPORTED_PERMISSION"
38-->[androidx.core:core:1.13.0] AndroidManifest.xml:23:9-81
39        android:protectionLevel="signature" />
39-->[androidx.core:core:1.13.0] AndroidManifest.xml:24:9-44
40
41    <uses-permission android:name="com.mimavaultapp.DYNAMIC_RECEIVER_NOT_EXPORTED_PERMISSION" />
41-->[androidx.core:core:1.13.0] AndroidManifest.xml:26:5-97
41-->[androidx.core:core:1.13.0] AndroidManifest.xml:26:22-94
42
43    <application
43-->src\main\AndroidManifest.xml:8:5-34:19
44        android:name="com.mimavault.MimaVaultApp"
44-->src\main\AndroidManifest.xml:9:9-37
45        android:allowBackup="false"
45-->src\main\AndroidManifest.xml:10:9-36
46        android:appComponentFactory="androidx.core.app.CoreComponentFactory"
46-->[androidx.core:core:1.13.0] AndroidManifest.xml:28:18-86
47        android:extractNativeLibs="false"
48        android:icon="@drawable/ic_launcher"
48-->src\main\AndroidManifest.xml:11:9-45
49        android:label="@string/app_name"
49-->src\main\AndroidManifest.xml:12:9-41
50        android:supportsRtl="true"
50-->src\main\AndroidManifest.xml:13:9-35
51        android:theme="@style/Theme.MimaVault"
51-->src\main\AndroidManifest.xml:14:9-47
52        android:usesCleartextTraffic="false" >
52-->src\main\AndroidManifest.xml:15:9-45
53        <activity
53-->src\main\AndroidManifest.xml:17:9-25:20
54            android:name="com.mimavault.ui.UnlockActivity"
54-->src\main\AndroidManifest.xml:18:13-46
55            android:exported="true"
55-->src\main\AndroidManifest.xml:19:13-36
56            android:theme="@style/Theme.MimaVault.Splash" >
56-->src\main\AndroidManifest.xml:20:13-58
57            <intent-filter>
57-->src\main\AndroidManifest.xml:21:13-24:29
58                <action android:name="android.intent.action.MAIN" />
58-->src\main\AndroidManifest.xml:22:17-69
58-->src\main\AndroidManifest.xml:22:25-66
59
60                <category android:name="android.intent.category.LAUNCHER" />
60-->src\main\AndroidManifest.xml:23:17-77
60-->src\main\AndroidManifest.xml:23:27-74
61            </intent-filter>
62        </activity>
63        <activity
63-->src\main\AndroidManifest.xml:27:9-78
64            android:name="com.mimavault.ui.MainActivity"
64-->src\main\AndroidManifest.xml:27:19-50
65            android:exported="false" />
65-->src\main\AndroidManifest.xml:27:51-75
66        <activity
66-->src\main\AndroidManifest.xml:28:9-83
67            android:name="com.mimavault.ui.EditEntryActivity"
67-->src\main\AndroidManifest.xml:28:19-55
68            android:exported="false" />
68-->src\main\AndroidManifest.xml:28:56-80
69        <activity
69-->src\main\AndroidManifest.xml:29:9-80
70            android:name="com.mimavault.ui.DetailActivity"
70-->src\main\AndroidManifest.xml:29:19-52
71            android:exported="false" />
71-->src\main\AndroidManifest.xml:29:53-77
72        <activity
72-->src\main\AndroidManifest.xml:30:9-81
73            android:name="com.mimavault.ui.GestureActivity"
73-->src\main\AndroidManifest.xml:30:19-53
74            android:exported="false" />
74-->src\main\AndroidManifest.xml:30:54-78
75        <activity
75-->src\main\AndroidManifest.xml:31:9-82
76            android:name="com.mimavault.ui.QrExportActivity"
76-->src\main\AndroidManifest.xml:31:19-54
77            android:exported="false" />
77-->src\main\AndroidManifest.xml:31:55-79
78        <activity
78-->src\main\AndroidManifest.xml:32:9-82
79            android:name="com.mimavault.ui.QrImportActivity"
79-->src\main\AndroidManifest.xml:32:19-54
80            android:exported="false" />
80-->src\main\AndroidManifest.xml:32:55-79
81        <activity
81-->src\main\AndroidManifest.xml:33:9-79
82            android:name="com.mimavault.ui.TrashActivity"
82-->src\main\AndroidManifest.xml:33:19-51
83            android:exported="false" />
83-->src\main\AndroidManifest.xml:33:52-76
84        <activity
84-->[com.journeyapps:zxing-android-embedded:4.3.0] AndroidManifest.xml:47:9-53:63
85            android:name="com.journeyapps.barcodescanner.CaptureActivity"
85-->[com.journeyapps:zxing-android-embedded:4.3.0] AndroidManifest.xml:48:13-74
86            android:clearTaskOnLaunch="true"
86-->[com.journeyapps:zxing-android-embedded:4.3.0] AndroidManifest.xml:49:13-45
87            android:screenOrientation="sensorLandscape"
87-->[com.journeyapps:zxing-android-embedded:4.3.0] AndroidManifest.xml:50:13-56
88            android:stateNotNeeded="true"
88-->[com.journeyapps:zxing-android-embedded:4.3.0] AndroidManifest.xml:51:13-42
89            android:theme="@style/zxing_CaptureTheme"
89-->[com.journeyapps:zxing-android-embedded:4.3.0] AndroidManifest.xml:52:13-54
90            android:windowSoftInputMode="stateAlwaysHidden" />
90-->[com.journeyapps:zxing-android-embedded:4.3.0] AndroidManifest.xml:53:13-60
91
92        <provider
92-->[androidx.emoji2:emoji2:1.3.0] AndroidManifest.xml:24:9-32:20
93            android:name="androidx.startup.InitializationProvider"
93-->[androidx.emoji2:emoji2:1.3.0] AndroidManifest.xml:25:13-67
94            android:authorities="com.mimavaultapp.androidx-startup"
94-->[androidx.emoji2:emoji2:1.3.0] AndroidManifest.xml:26:13-68
95            android:exported="false" >
95-->[androidx.emoji2:emoji2:1.3.0] AndroidManifest.xml:27:13-37
96            <meta-data
96-->[androidx.emoji2:emoji2:1.3.0] AndroidManifest.xml:29:13-31:52
97                android:name="androidx.emoji2.text.EmojiCompatInitializer"
97-->[androidx.emoji2:emoji2:1.3.0] AndroidManifest.xml:30:17-75
98                android:value="androidx.startup" />
98-->[androidx.emoji2:emoji2:1.3.0] AndroidManifest.xml:31:17-49
99            <meta-data
99-->[androidx.lifecycle:lifecycle-process:2.6.2] AndroidManifest.xml:29:13-31:52
100                android:name="androidx.lifecycle.ProcessLifecycleInitializer"
100-->[androidx.lifecycle:lifecycle-process:2.6.2] AndroidManifest.xml:30:17-78
101                android:value="androidx.startup" />
101-->[androidx.lifecycle:lifecycle-process:2.6.2] AndroidManifest.xml:31:17-49
102            <meta-data
102-->[androidx.profileinstaller:profileinstaller:1.4.0] AndroidManifest.xml:29:13-31:52
103                android:name="androidx.profileinstaller.ProfileInstallerInitializer"
103-->[androidx.profileinstaller:profileinstaller:1.4.0] AndroidManifest.xml:30:17-85
104                android:value="androidx.startup" />
104-->[androidx.profileinstaller:profileinstaller:1.4.0] AndroidManifest.xml:31:17-49
105        </provider>
106
107        <receiver
107-->[androidx.profileinstaller:profileinstaller:1.4.0] AndroidManifest.xml:34:9-52:20
108            android:name="androidx.profileinstaller.ProfileInstallReceiver"
108-->[androidx.profileinstaller:profileinstaller:1.4.0] AndroidManifest.xml:35:13-76
109            android:directBootAware="false"
109-->[androidx.profileinstaller:profileinstaller:1.4.0] AndroidManifest.xml:36:13-44
110            android:enabled="true"
110-->[androidx.profileinstaller:profileinstaller:1.4.0] AndroidManifest.xml:37:13-35
111            android:exported="true"
111-->[androidx.profileinstaller:profileinstaller:1.4.0] AndroidManifest.xml:38:13-36
112            android:permission="android.permission.DUMP" >
112-->[androidx.profileinstaller:profileinstaller:1.4.0] AndroidManifest.xml:39:13-57
113            <intent-filter>
113-->[androidx.profileinstaller:profileinstaller:1.4.0] AndroidManifest.xml:40:13-42:29
114                <action android:name="androidx.profileinstaller.action.INSTALL_PROFILE" />
114-->[androidx.profileinstaller:profileinstaller:1.4.0] AndroidManifest.xml:41:17-91
114-->[androidx.profileinstaller:profileinstaller:1.4.0] AndroidManifest.xml:41:25-88
115            </intent-filter>
116            <intent-filter>
116-->[androidx.profileinstaller:profileinstaller:1.4.0] AndroidManifest.xml:43:13-45:29
117                <action android:name="androidx.profileinstaller.action.SKIP_FILE" />
117-->[androidx.profileinstaller:profileinstaller:1.4.0] AndroidManifest.xml:44:17-85
117-->[androidx.profileinstaller:profileinstaller:1.4.0] AndroidManifest.xml:44:25-82
118            </intent-filter>
119            <intent-filter>
119-->[androidx.profileinstaller:profileinstaller:1.4.0] AndroidManifest.xml:46:13-48:29
120                <action android:name="androidx.profileinstaller.action.SAVE_PROFILE" />
120-->[androidx.profileinstaller:profileinstaller:1.4.0] AndroidManifest.xml:47:17-88
120-->[androidx.profileinstaller:profileinstaller:1.4.0] AndroidManifest.xml:47:25-85
121            </intent-filter>
122            <intent-filter>
122-->[androidx.profileinstaller:profileinstaller:1.4.0] AndroidManifest.xml:49:13-51:29
123                <action android:name="androidx.profileinstaller.action.BENCHMARK_OPERATION" />
123-->[androidx.profileinstaller:profileinstaller:1.4.0] AndroidManifest.xml:50:17-95
123-->[androidx.profileinstaller:profileinstaller:1.4.0] AndroidManifest.xml:50:25-92
124            </intent-filter>
125        </receiver>
126    </application>
127
128</manifest>